<?xml version="1.0" encoding="UTF-8"?>
<!-- Generated by org.testng.reporters.JUnitReportReporter -->
<testsuite hostname="LIN51010412" failures="0" tests="1" name="Test.TestRunner" time="108.504" errors="0" timestamp="2021-01-12T20:06:27 IST" skipped="0">
  <testcase classname="Test.TestRunner" name="feature" time="108.504"/>
  <system-out/>
</testsuite> <!-- Test.TestRunner -->
